0 info it worked if it ends with ok
1 verbose cli [ '/usr/local/Cellar/node/7.7.1_1/bin/node',
1 verbose cli   '/usr/local/bin/npm',
1 verbose cli   'publish' ]
2 info using npm@4.1.2
3 info using node@v7.7.1
4 verbose publish [ '.' ]
5 silly cache add args [ '.', null ]
6 verbose cache add spec .
7 silly cache add parsed spec Result {
7 silly cache add   raw: '.',
7 silly cache add   scope: null,
7 silly cache add   escapedName: null,
7 silly cache add   name: null,
7 silly cache add   rawSpec: '.',
7 silly cache add   spec: '/Users/joanbrugaya/Projects/marshalizer',
7 silly cache add   type: 'directory' }
8 verbose addLocalDirectory /Users/joanbrugaya/.npm/marshalizer/1.0.1/package.tgz not in flight; packing
9 verbose correctMkdir /Users/joanbrugaya/.npm correctMkdir not in flight; initializing
10 info lifecycle marshalizer@1.0.1~prepublish: marshalizer@1.0.1
11 silly lifecycle marshalizer@1.0.1~prepublish: no script for prepublish, continuing
12 info lifecycle marshalizer@1.0.1~prepare: marshalizer@1.0.1
13 silly lifecycle marshalizer@1.0.1~prepare: no script for prepare, continuing
14 verbose tar pack [ '/Users/joanbrugaya/.npm/marshalizer/1.0.1/package.tgz',
14 verbose tar pack   '/Users/joanbrugaya/Projects/marshalizer' ]
15 verbose tarball /Users/joanbrugaya/.npm/marshalizer/1.0.1/package.tgz
16 verbose folder /Users/joanbrugaya/Projects/marshalizer
17 verbose addLocalTarball adding from inside cache /Users/joanbrugaya/.npm/marshalizer/1.0.1/package.tgz
18 verbose correctMkdir /Users/joanbrugaya/.npm correctMkdir not in flight; initializing
19 silly cache afterAdd marshalizer@1.0.1
20 verbose afterAdd /Users/joanbrugaya/.npm/marshalizer/1.0.1/package/package.json not in flight; writing
21 verbose correctMkdir /Users/joanbrugaya/.npm correctMkdir not in flight; initializing
22 verbose afterAdd /Users/joanbrugaya/.npm/marshalizer/1.0.1/package/package.json written
23 silly publish { name: 'marshalizer',
23 silly publish   version: '1.0.1',
23 silly publish   description: 'define what attribute of an object can be sent',
23 silly publish   main: 'index.js',
23 silly publish   scripts: { test: 'echo "Error: no test specified" && exit 1' },
23 silly publish   keywords: [ 'marshalling' ],
23 silly publish   author: { name: 'Joan Brugaya' },
23 silly publish   license: 'ISC',
23 silly publish   readme: '# Marshalizer\n\n## Introduction\nMarshalizer provide an easy reusable way to format data you send for render.\nWith Marshalizer, you can use any object (ORM models/custom classes/etc.).\n\nThanks to the output_fields, you can define what attribute will be present in the returned object.\n\n## Basic Usage\n\n```javascript\nvar marshalizer = require(\'marshalizer\');\nvar book_output_field = {\n    id: new marshalizer.field.StringField(),\n    name: new marshalizer.field.StringField()\n};\n\napp.use(\'/books\', function(req, res, next) {\n    BookSchema.find({}, function(err, books) {\n        res.json(marshilizer.marshal_with(books, book_output_field))\n    });\n});\n```\nIf you have a document from database like:\n```javascript\nbook = {id: "47478fds4fd4s894fdszab8", name: \'Poney book\', __v: 0, super_secret_data: \'my beautiful secret\', price: 10.5}\n```\nThe result of:\n```javascript\nmarshalizer.marshal_with(book, book_output_field);\n```\nwill return:\n```javascript\n{id: "47478fds4fd4s894fdszab8", name: \'Poney book\'}\n```\n\n## Renaming Attribute\nBecause sometime, your sent data has not to be as the private data, you can define the public key of the object by giving the \'attribute\' keyword\n```javascript\nbook_output_fields = {\n    \'id\': marshalizer.field.String(),\n    \'name\': marshalizer.field.String({attribute: \'private_name\'}),\n}\n```\n\n## Define your own field\nYour custom field must extends marshalizer.field.RawField\n\n#### Example\n```javascript\nclass CustomPriceField extends field.RawField {\n  constructor(config) {\n    super(config)\n  }\n\n  output(price) {\n    return String(price) + \'$\';\n  }\n}\n```\nThen, you can use it:\n```javascript\nvar book_output_field = {\n    id: new marshalizer.field.StringField(),\n    name: new marshalizer.field.StringField()\n};\n\napp.use(\'/books\', function(req, res, next){\n    res.json(marshalizer.marshal_with(books, book_output_field));\n    /* This will return\n    [{\n        id: "47478fds4fd4s894fdszab8",\n        name: \'Poney book\',\n        price: \'10.5$\'\n    }]\n    /*\n});\n```\n\n## Nested Fields\nSometimes, we have documents into others. For example, books can contain author informations\n```javascript\nvar author_output_field = {\n    firstname: new marshalizer.field.StringField(),\n    lastname: new marshalizer.field.StringField(),\n    age: Number,\n}\n\nvar book_output_field = {\n    id: new marshalizer.field.String(),\n    name: new marshalizer.field.String(),\n    author: new marshalizer.field.NestedField({field: author_output_field}),\n};\n\napp.use(\'/books\', function(req, res, next){\n    res.json(marshalizer.marshal_with(books, book_output_field));\n    /* This will return\n    [{\n        id: "47478fds4fd4s894fdszab8",\n        name: \'Poney book\',\n        author: {\n            firstname: \'John\',\n            lastname: \'Doe\',\n            age: 42\n        }\n    }]\n    /*\n});\n```',
23 silly publish   readmeFilename: 'Readme.md',
23 silly publish   gitHead: '4cf75bee7d819b436645f0358cff4e81643ee450',
23 silly publish   _id: 'marshalizer@1.0.1',
23 silly publish   _shasum: '10f37a3f0702f45f13c11fddfffdee74dafb0c0e',
23 silly publish   _from: '.' }
24 info lifecycle marshalizer@1.0.1~prepublishOnly: marshalizer@1.0.1
25 silly lifecycle marshalizer@1.0.1~prepublishOnly: no script for prepublishOnly, continuing
26 verbose getPublishConfig undefined
27 silly mapToRegistry name marshalizer
28 silly mapToRegistry using default registry
29 silly mapToRegistry registry https://registry.npmjs.org/
30 silly mapToRegistry data Result {
30 silly mapToRegistry   raw: 'marshalizer',
30 silly mapToRegistry   scope: null,
30 silly mapToRegistry   escapedName: 'marshalizer',
30 silly mapToRegistry   name: 'marshalizer',
30 silly mapToRegistry   rawSpec: '',
30 silly mapToRegistry   spec: 'latest',
30 silly mapToRegistry   type: 'tag' }
31 silly mapToRegistry uri https://registry.npmjs.org/marshalizer
32 verbose publish registryBase https://registry.npmjs.org/
33 silly publish uploading /Users/joanbrugaya/.npm/marshalizer/1.0.1/package.tgz
34 verbose request uri https://registry.npmjs.org/marshalizer
35 verbose request sending authorization for write operation
36 info attempt registry request try #1 at 14:10:39
37 verbose request using bearer token for auth
38 verbose request id 2ef0669d2daa8e39
39 http request PUT https://registry.npmjs.org/marshalizer
40 http 403 https://registry.npmjs.org/marshalizer
41 verbose headers { 'content-type': 'application/json',
41 verbose headers   'cache-control': 'max-age=300',
41 verbose headers   'content-length': '95',
41 verbose headers   'accept-ranges': 'bytes',
41 verbose headers   date: 'Wed, 26 Apr 2017 12:10:40 GMT',
41 verbose headers   via: '1.1 varnish',
41 verbose headers   connection: 'keep-alive',
41 verbose headers   'x-served-by': 'cache-lhr6343-LHR',
41 verbose headers   'x-cache': 'MISS',
41 verbose headers   'x-cache-hits': '0',
41 verbose headers   'x-timer': 'S1493208639.324966,VS0,VE1154',
41 verbose headers   vary: 'Accept-Encoding' }
42 verbose request invalidating /Users/joanbrugaya/.npm/registry.npmjs.org/marshalizer on PUT
43 error publish Failed PUT 403
44 verbose stack Error: "You cannot publish over the previously published version 1.0.1." : marshalizer
44 verbose stack     at makeError (/usr/local/lib/node_modules/npm/node_modules/npm-registry-client/lib/request.js:304:12)
44 verbose stack     at CachingRegistryClient.<anonymous> (/usr/local/lib/node_modules/npm/node_modules/npm-registry-client/lib/request.js:292:14)
44 verbose stack     at Request._callback (/usr/local/lib/node_modules/npm/node_modules/npm-registry-client/lib/request.js:212:14)
44 verbose stack     at Request.self.callback (/usr/local/lib/node_modules/npm/node_modules/request/request.js:186:22)
44 verbose stack     at emitTwo (events.js:106:13)
44 verbose stack     at Request.emit (events.js:194:7)
44 verbose stack     at Request.<anonymous> (/usr/local/lib/node_modules/npm/node_modules/request/request.js:1081:10)
44 verbose stack     at emitOne (events.js:96:13)
44 verbose stack     at Request.emit (events.js:191:7)
44 verbose stack     at IncomingMessage.<anonymous> (/usr/local/lib/node_modules/npm/node_modules/request/request.js:1001:12)
45 verbose statusCode 403
46 verbose pkgid marshalizer
47 verbose cwd /Users/joanbrugaya/Projects/marshalizer
48 error Darwin 16.5.0
49 error argv "/usr/local/Cellar/node/7.7.1_1/bin/node" "/usr/local/bin/npm" "publish"
50 error node v7.7.1
51 error npm  v4.1.2
52 error code E403
53 error "You cannot publish over the previously published version 1.0.1." : marshalizer
54 error If you need help, you may report this error at:
54 error     <https://github.com/npm/npm/issues>
55 verbose exit [ 1, true ]
